<?xml version="1.0" encoding="UTF-8"?>
<testng-results ignored="0" total="1" passed="1" failed="0" skipped="0">
  <reporter-output>
  </reporter-output>
  <suite started-at="2024-04-01T09:08:21 IST" name="Default suite" finished-at="2024-04-01T09:08:24 IST" duration-ms="3468">
    <groups>
    </groups>
    <test started-at="2024-04-01T09:08:21 IST" name="Default test" finished-at="2024-04-01T09:08:24 IST" duration-ms="3468">
      <class name="com.authentication.PostWithPojo">
        <test-method is-config="true" signature="setup()[pri:0, instance:com.authentication.PostWithPojo@7d0b7e3c]" started-at="2024-04-01T09:08:21 IST" name="setup" finished-at="2024-04-01T09:08:22 IST" duration-ms="834" status="PASS">
          <reporter-output>
          </reporter-output>
        </test-method> <!-- setup -->
        <test-method signature="postRequest(java.lang.String,java.lang.String,java.lang.String,java.lang.String,java.lang.String)[pri:1, instance:com.authentication.PostWithPojo@7d0b7e3c]" started-at="2024-04-01T09:08:22 IST" name="postRequest" data-provider="firstDataProvider" finished-at="2024-04-01T09:08:24 IST" duration-ms="2368" status="PASS">
          <params>
            <param index="0">
              <value>
                <![CDATA[biswa@mail.com]]>
              </value>
            </param>
            <param index="1">
              <value>
                <![CDATA[123456]]>
              </value>
            </param>
            <param index="2">
              <value>
                <![CDATA[biswa]]>
              </value>
            </param>
            <param index="3">
              <value>
                <![CDATA[Samal]]>
              </value>
            </param>
            <param index="4">
              <value>
                <![CDATA[33]]>
              </value>
            </param>
          </params>
          <reporter-output>
          </reporter-output>
        </test-method> <!-- postRequest -->
      </class> <!-- com.authentication.PostWithPojo -->
    </test> <!-- Default test -->
  </suite> <!-- Default suite -->
</testng-results>
